--- Startup times for process: Primary (or UI client) ---

times in msec
 clock   self+sourced   self:  sourced script
 clock   elapsed:              other lines

000.002  000.002: --- NVIM STARTING ---
000.243  000.242: event init
000.400  000.156: early init
000.461  000.061: locale set
000.502  000.042: init first window
000.930  000.428: inits 1
000.938  000.008: window checked
000.991  000.052: parsing arguments
001.520  000.048  000.048: require('vim.shared')
001.621  000.041  000.041: require('vim.inspect')
001.674  000.042  000.042: require('vim._options')
001.677  000.153  000.070: require('vim._editor')
001.678  000.227  000.026: require('vim._init_packages')
001.680  000.463: init lua interpreter
003.267  001.587: nvim_ui_attach
003.636  000.369: nvim_set_client_info
003.639  000.003: --- NVIM STARTED ---

--- Startup times for process: Embedded ---

times in msec
 clock   self+sourced   self:  sourced script
 clock   elapsed:              other lines

000.000  000.000: --- NVIM STARTING ---
000.104  000.103: event init
000.183  000.079: early init
000.218  000.035: locale set
000.263  000.046: init first window
000.621  000.358: inits 1
000.631  000.010: window checked
000.678  000.047: parsing arguments
001.209  000.043  000.043: require('vim.shared')
001.307  000.040  000.040: require('vim.inspect')
001.359  000.041  000.041: require('vim._options')
001.362  000.149  000.068: require('vim._editor')
001.363  000.217  000.025: require('vim._init_packages')
001.365  000.470: init lua interpreter
001.423  000.058: expanding arguments
001.440  000.017: inits 2
001.706  000.267: init highlight
001.708  000.001: waiting for UI
001.820  000.113: done waiting for UI
001.828  000.007: clear screen
001.976  000.010  000.010: require('vim.keymap')
002.872  000.178  000.178: sourcing nvim_exec2()
003.061  001.230  001.042: require('vim._defaults')
003.065  000.006: init default mappings & autocommands
003.524  000.046  000.046: sourcing /usr/share/nvim/runtime/ftplugin.vim
003.578  000.027  000.027: sourcing /usr/share/nvim/runtime/indent.vim
003.709  000.089  000.089: sourcing /usr/share/nvim/archlinux.lua
003.714  000.110  000.022: sourcing /etc/xdg/nvim/sysinit.vim
004.313  000.417  000.417: require('config.lazy')
004.503  000.187  000.187: require('lazy')
004.531  000.014  000.014: require('ffi')
004.576  000.023  000.023: require('vim.fs')
004.685  000.106  000.106: require('vim.uri')
004.698  000.165  000.037: require('vim.loader')
004.876  000.161  000.161: require('lazy.stats')
005.010  000.114  000.114: require('lazy.core.util')
005.304  000.291  000.291: require('lazy.core.config')
005.533  000.105  000.105: require('lazy.core.handler')
005.871  000.123  000.123: require('lazy.pkg')
005.878  000.233  000.110: require('lazy.core.meta')
005.887  000.352  000.119: require('lazy.core.plugin')
005.896  000.589  000.132: require('lazy.core.loader')
006.432  000.131  000.131: require('lazy.core.fragments')
008.761  000.159  000.159: require('vim.lsp.log')
009.451  000.685  000.685: require('vim.lsp.protocol')
009.669  000.214  000.214: require('vim.lsp.util')
009.831  000.089  000.089: require('vim.lsp.sync')
009.843  000.170  000.080: require('vim.lsp._changetracking')
010.126  000.149  000.149: require('vim.lsp._transport')
010.152  000.305  000.156: require('vim.lsp.rpc')
010.194  001.764  000.231: require('vim.lsp')
010.452  000.014  000.014: require('vim.F')
010.497  000.299  000.285: require('vim.lsp.buf')
013.812  000.067  000.067: require('lazy.core.handler.event')
013.820  000.154  000.087: require('lazy.core.handler.ft')
013.876  000.051  000.051: require('lazy.core.handler.cmd')
013.947  000.066  000.066: require('lazy.core.handler.keys')
014.194  000.009  000.009: sourcing nvim_exec2() called at /home/coding4hours/.config/nvim/init.lua:0
014.213  000.002  000.002: sourcing nvim_exec2() called at /home/coding4hours/.config/nvim/init.lua:0
015.158  000.062  000.062: sourcing nvim_exec2() called at /usr/share/nvim/runtime/filetype.lua:0
015.172  000.178  000.115: sourcing /usr/share/nvim/runtime/filetype.lua
015.179  000.238  000.060: sourcing nvim_exec2() called at /home/coding4hours/.config/nvim/init.lua:0
016.546  001.037  001.037: sourcing /home/coding4hours/.local/share/nvim/lazy/vim-wakatime/plugin/wakatime.vim
016.551  001.085  000.048: sourcing nvim_exec2() called at /home/coding4hours/.config/nvim/init.lua:0
016.566  000.002  000.002: sourcing nvim_exec2() called at /home/coding4hours/.config/nvim/init.lua:0
016.582  000.001  000.001: sourcing nvim_exec2() called at /home/coding4hours/.config/nvim/init.lua:0
016.726  000.003  000.003: sourcing nvim_exec2() called at /home/coding4hours/.config/nvim/init.lua:0
016.734  000.001  000.001: sourcing nvim_exec2() called at /home/coding4hours/.config/nvim/init.lua:0
016.835  000.003  000.003: sourcing nvim_exec2() called at /home/coding4hours/.config/nvim/init.lua:0
016.843  000.001  000.001: sourcing nvim_exec2() called at /home/coding4hours/.config/nvim/init.lua:0
018.396  000.055  000.055: require('rose-pine.config')
018.402  000.829  000.774: require('rose-pine')
018.583  000.048  000.048: require('rose-pine.utilities')
018.656  000.069  000.069: require('rose-pine.palette')
020.097  000.034  000.034: sourcing nvim_exec2() called at /home/coding4hours/.local/share/nvim/lazy/rose-pine/colors/rose-pine.lua:0
020.102  002.609  001.628: sourcing /home/coding4hours/.local/share/nvim/lazy/rose-pine/colors/rose-pine.lua
020.108  003.260  000.652: sourcing nvim_exec2() called at /home/coding4hours/.config/nvim/init.lua:0
020.311  000.046  000.046: sourcing /usr/share/nvim/runtime/plugin/editorconfig.lua
020.315  000.069  000.024: sourcing nvim_exec2() called at /home/coding4hours/.config/nvim/init.lua:0
020.493  000.141  000.141: sourcing /usr/share/nvim/runtime/plugin/gzip.vim
020.496  000.160  000.019: sourcing nvim_exec2() called at /home/coding4hours/.config/nvim/init.lua:0
020.571  000.052  000.052: sourcing /usr/share/nvim/runtime/plugin/man.lua
020.575  000.069  000.018: sourcing nvim_exec2() called at /home/coding4hours/.config/nvim/init.lua:0
020.903  000.150  000.150: sourcing /usr/share/nvim/runtime/pack/dist/opt/matchit/plugin/matchit.vim
020.925  000.330  000.180: sourcing /usr/share/nvim/runtime/plugin/matchit.vim
020.929  000.348  000.018: sourcing nvim_exec2() called at /home/coding4hours/.config/nvim/init.lua:0
021.060  000.107  000.107: sourcing /usr/share/nvim/runtime/plugin/matchparen.vim
021.063  000.126  000.019: sourcing nvim_exec2() called at /home/coding4hours/.config/nvim/init.lua:0
021.448  000.196  000.196: sourcing /usr/share/nvim/runtime/pack/dist/opt/netrw/plugin/netrwPlugin.vim
021.466  000.373  000.177: sourcing /usr/share/nvim/runtime/plugin/netrwPlugin.vim
021.468  000.391  000.018: sourcing nvim_exec2() called at /home/coding4hours/.config/nvim/init.lua:0
021.562  000.064  000.064: sourcing /usr/share/nvim/runtime/plugin/osc52.lua
021.566  000.088  000.024: sourcing nvim_exec2() called at /home/coding4hours/.config/nvim/init.lua:0
021.708  000.119  000.119: sourcing /usr/share/nvim/runtime/plugin/rplugin.vim
021.712  000.140  000.021: sourcing nvim_exec2() called at /home/coding4hours/.config/nvim/init.lua:0
021.789  000.047  000.047: sourcing /usr/share/nvim/runtime/plugin/shada.vim
021.793  000.069  000.022: sourcing nvim_exec2() called at /home/coding4hours/.config/nvim/init.lua:0
021.836  000.015  000.015: sourcing /usr/share/nvim/runtime/plugin/spellfile.vim
021.839  000.040  000.025: sourcing nvim_exec2() called at /home/coding4hours/.config/nvim/init.lua:0
021.974  000.081  000.081: sourcing /usr/share/nvim/runtime/plugin/tarPlugin.vim
021.978  000.106  000.025: sourcing nvim_exec2() called at /home/coding4hours/.config/nvim/init.lua:0
022.079  000.051  000.051: sourcing /usr/share/nvim/runtime/plugin/tohtml.lua
022.083  000.087  000.036: sourcing nvim_exec2() called at /home/coding4hours/.config/nvim/init.lua:0
022.124  000.017  000.017: sourcing /usr/share/nvim/runtime/plugin/tutor.vim
022.127  000.039  000.023: sourcing nvim_exec2() called at /home/coding4hours/.config/nvim/init.lua:0
022.257  000.107  000.107: sourcing /usr/share/nvim/runtime/plugin/zipPlugin.vim
022.261  000.128  000.021: sourcing nvim_exec2() called at /home/coding4hours/.config/nvim/init.lua:0
023.180  000.445  000.445: require('vim.diagnostic')
023.237  000.008  000.008: sourcing nvim_exec2() called at /home/coding4hours/.config/nvim/init.lua:0
023.250  000.775  000.322: require('godvim.options')
023.252  000.868  000.093: require('options')
023.467  000.112  000.112: require('godvim.autocmds')
023.469  000.216  000.104: require('autocmds')
023.659  000.140  000.140: require('godvim.keymaps')
023.662  000.190  000.050: require('keymaps')
023.663  019.928  007.784: sourcing /home/coding4hours/.config/nvim/init.lua
023.669  000.493: sourcing vimrc file(s)
023.834  000.041  000.041: sourcing /usr/share/nvim/runtime/filetype.lua
023.987  000.055  000.055: sourcing /usr/share/nvim/runtime/syntax/synload.vim
024.075  000.198  000.144: sourcing /usr/share/nvim/runtime/syntax/syntax.vim
024.086  000.178: inits 3
025.260  001.174: reading ShaDa
025.894  000.261  000.261: require('snacks')
025.897  000.303  000.042: sourcing /home/coding4hours/.local/share/nvim/lazy/snacks.nvim/plugin/snacks.lua
025.901  000.333  000.030: sourcing nvim_exec2() called at BufReadPre Autocommands for "*":0
025.909  000.003  000.003: sourcing nvim_exec2() called at BufReadPre Autocommands for "*":0
025.925  000.001  000.001: sourcing nvim_exec2() called at BufReadPre Autocommands for "*":0
026.102  000.070  000.070: require('snacks.bigfile')
028.098  001.981  001.981: require('vim.filetype')
030.102  000.009  000.009: sourcing nvim_exec2() called at BufReadPost Autocommands for "*":0
030.116  000.001  000.001: sourcing nvim_exec2() called at BufReadPost Autocommands for "*":0
030.551  000.425  000.425: require('mini.tabline')
030.656  000.010  000.010: sourcing nvim_exec2() called at BufReadPost Autocommands for "*":0
031.241  000.060  000.060: require('nvim-treesitter.utils')
031.947  000.069  000.069: require('vim.treesitter.language')
032.027  000.059  000.059: require('vim.func')
032.077  000.043  000.043: require('vim.func._memoize')
032.171  000.371  000.200: require('vim.treesitter.query')
032.245  000.072  000.072: require('vim.treesitter._range')
032.270  000.536  000.093: require('vim.treesitter.languagetree')
032.278  000.668  000.132: require('vim.treesitter')
033.023  001.778  001.110: require('nvim-treesitter.parsers')
033.319  000.058  000.058: require('nvim-treesitter.compat')
033.422  000.060  000.060: require('nvim-treesitter.ts_utils')
033.427  000.105  000.045: require('nvim-treesitter.tsrange')
033.461  000.032  000.032: require('nvim-treesitter.caching')
033.471  000.264  000.068: require('nvim-treesitter.query')
033.483  000.355  000.091: require('nvim-treesitter.configs')
033.485  000.455  000.100: require('nvim-treesitter.info')
033.553  000.066  000.066: require('nvim-treesitter.shell_command_selectors')
033.576  002.479  000.119: require('nvim-treesitter.install')
033.612  000.033  000.033: require('nvim-treesitter.statusline')
033.659  000.045  000.045: require('nvim-treesitter.query_predicates')
033.662  002.869  000.312: require('nvim-treesitter')
033.735  000.067  000.067: require('vim.iter')
034.456  003.701  000.765: sourcing /home/coding4hours/.local/share/nvim/lazy/nvim-treesitter/plugin/nvim-treesitter.lua
034.470  003.752  000.051: sourcing nvim_exec2() called at BufReadPost Autocommands for "*":0
034.484  000.004  000.004: sourcing nvim_exec2() called at BufReadPost Autocommands for "*":0
034.505  000.001  000.001: sourcing nvim_exec2() called at BufReadPost Autocommands for "*":0
036.320  000.313  000.313: sourcing /usr/share/nvim/runtime/ftplugin/astro.vim
037.014  000.201  000.201: sourcing /usr/share/nvim/runtime/indent/javascript.vim
037.801  001.038  000.837: sourcing /usr/share/nvim/runtime/indent/html.vim
037.848  001.135  000.096: sourcing /usr/share/nvim/runtime/indent/astro.vim
038.792  000.140  000.140: sourcing /usr/share/nvim/runtime/syntax/dtd.vim
038.839  000.413  000.272: sourcing /usr/share/nvim/runtime/syntax/xml.vim
039.620  000.222  000.222: sourcing /usr/share/nvim/runtime/syntax/javascript.vim
040.344  000.605  000.605: sourcing /usr/share/nvim/runtime/syntax/vb.vim
047.660  007.238  007.238: sourcing /usr/share/nvim/runtime/syntax/css.vim
049.345  010.968  002.490: sourcing /usr/share/nvim/runtime/syntax/html.vim
049.651  000.224  000.224: sourcing /usr/share/nvim/runtime/syntax/javascript.vim
049.981  000.206  000.206: sourcing /usr/share/nvim/runtime/syntax/javascript.vim
049.997  000.260  000.054: sourcing /usr/share/nvim/runtime/syntax/javascriptreact.vim
057.682  007.508  007.508: sourcing /usr/share/nvim/runtime/syntax/css.vim
060.733  010.599  003.091: sourcing /usr/share/nvim/runtime/syntax/sass.vim
060.761  010.670  000.071: sourcing /usr/share/nvim/runtime/syntax/scss.vim
067.812  006.955  006.955: sourcing /usr/share/nvim/runtime/syntax/css.vim
070.690  009.870  002.915: sourcing /usr/share/nvim/runtime/syntax/sass.vim
077.840  007.045  007.045: sourcing /usr/share/nvim/runtime/syntax/css.vim
080.665  009.909  002.864: sourcing /usr/share/nvim/runtime/syntax/less.vim
080.724  042.409  000.509: sourcing /usr/share/nvim/runtime/syntax/astro.vim
080.921  000.099  000.099: require('editorconfig')
081.096  000.042  000.042: require('snacks.quickfile')
082.148  000.110  000.110: require('vim.treesitter.highlighter')
191.053  107.444  107.444: sourcing nvim_exec2() called at BufReadPost Autocommands for "*":0
191.610  000.250  000.250: require('snacks.util')
191.652  000.588  000.338: require('snacks.indent')
192.070  000.272  000.272: require('snacks.scope')
196.573  012.310: opening buffers
260.746  064.173: BufEnter autocommands
260.755  000.008: editing files in windows
260.965  000.007  000.007: sourcing nvim_exec2() called at VimEnter Autocommands for "*":0
260.988  000.002  000.002: sourcing nvim_exec2() called at VimEnter Autocommands for "*":0
261.405  000.400  000.400: require('alpha.themes.dashboard')
261.718  000.267  000.267: require('alpha')
262.191  000.761: VimEnter autocommands
262.514  000.005  000.005: sourcing nvim_exec2() called at UIEnter Autocommands for "*":0
262.533  000.002  000.002: sourcing nvim_exec2() called at UIEnter Autocommands for "*":0
263.218  000.665  000.665: require('mini.statusline')
263.572  000.110  000.110: require('vim.termcap')
263.638  000.039  000.039: require('vim.text')
264.320  000.635  000.635: require('snacks.scroll')
264.702  000.334  000.334: require('snacks.animate')
265.953  000.283  000.283: require('vim.ui')
265.998  001.145  000.862: require('snacks.input')
266.064  000.937: UIEnter autocommands
266.603  000.418  000.418: sourcing /usr/share/nvim/runtime/autoload/provider/clipboard.vim
266.615  000.133: before starting main loop
270.160  003.545: first screen update
270.168  000.008: --- NVIM STARTED ---

